<?xml version="1.0" encoding="UTF-8"?>
<!-- Generated by org.testng.reporters.JUnitReportReporter -->
<testsuite hostname="LM0001023" failures="0" tests="1" name="com.home.ndtv.NDTVAutomation.LaunchBrowser" time="6.185" errors="0" timestamp="23 Nov 2020 04:38:49 GMT" skipped="0">
  <testcase classname="com.home.ndtv.NDTVAutomation.LaunchBrowser" name="launchBrowser" time="6.185"/>
</testsuite> <!-- com.home.ndtv.NDTVAutomation.LaunchBrowser -->
