<?xml version="1.0" encoding="UTF-8"?>
<!-- Generated by org.testng.reporters.JUnitReportReporter -->
<testsuite hostname="LM0001023" failures="0" tests="1" name="com.home.msite.testcases.LaunchBrowser" time="10.660" errors="0" timestamp="19 Nov 2020 17:10:35 GMT" skipped="0">
  <testcase classname="com.home.msite.testcases.LaunchBrowser" name="launchBrowser" time="10.660"/>
</testsuite> <!-- com.home.msite.testcases.LaunchBrowser -->
