<?xml version="1.0" encoding="UTF-8"?>
<!-- Generated by org.testng.reporters.JUnitReportReporter -->
<testsuite hostname="LM0001023" failures="0" tests="1" name="com.home.ndtv.NDTVAutomation.GetApiWeatherDetailsByApi" time="1.604" errors="0" timestamp="23 Nov 2020 04:42:30 GMT" skipped="0">
  <testcase classname="com.home.ndtv.NDTVAutomation.GetApiWeatherDetailsByApi" name="getWeatherDetailsByApi" time="1.604"/>
</testsuite> <!-- com.home.ndtv.NDTVAutomation.GetApiWeatherDetailsByApi -->
