<?xml version="1.0" encoding="UTF-8"?>
<!-- Generated by org.testng.reporters.JUnitReportReporter -->
<testsuite hostname="LM0001023" failures="0" tests="1" name="com.home.ndtv.NDTVAutomation.GetWeatherDetailsFromUI" time="13.238" errors="0" timestamp="23 Nov 2020 05:07:18 GMT" skipped="0">
  <testcase classname="com.home.ndtv.NDTVAutomation.GetWeatherDetailsFromUI" name="launchBrowser" time="13.238"/>
</testsuite> <!-- com.home.ndtv.NDTVAutomation.GetWeatherDetailsFromUI -->
